
Sep 15, 2018 14:38:18.40 NEW SESSION
Sep 15, 2018 14:38:18.40 Unable to read VR Path Registry from C:\Users\yuusa\AppData\Local\openvr\openvrpaths.vrpath
Sep 15, 2018 15:08:14.56 Unable to read VR Path Registry from C:\Users\yuusa\AppData\Local\openvr\openvrpaths.vrpath
Sep 15, 2018 15:41:27.46 Unable to read VR Path Registry from C:\Users\yuusa\AppData\Local\openvr\openvrpaths.vrpath

Sep 15, 2018 16:41:58.96 NEW SESSION
Sep 15, 2018 16:41:58.96 Unable to read VR Path Registry from C:\Users\yuusa\AppData\Local\openvr\openvrpaths.vrpath
Sep 15, 2018 17:35:01.51 Unable to read VR Path Registry from C:\Users\yuusa\AppData\Local\openvr\openvrpaths.vrpath
Sep 15, 2018 17:40:15.40 Unable to read VR Path Registry from C:\Users\yuusa\AppData\Local\openvr\openvrpaths.vrpath
Sep 15, 2018 18:08:37.90 [8488:5940:0915/180837.909:ERROR:render_widget_host_view_aura.cc(1352)] NOT IMPLEMENTED
Sep 15, 2018 18:08:37.95 [8488:5940:0915/180837.909:ERROR:render_widget_host_view_aura.cc(1352)] NOT IMPLEMENTED
Sep 15, 2018 18:09:01.42 Unable to read VR Path Registry from C:\Users\yuusa\AppData\Local\openvr\openvrpaths.vrpath

Sep 17, 2018 13:27:03.09 NEW SESSION
Sep 17, 2018 13:27:03.09 [2644:1572:0917/132703.080:ERROR:in_progress_cache_impl.cc(191)] Cache is not initialized, cannot RetrieveEntry.
Sep 17, 2018 13:27:48.06 Unable to read VR Path Registry from C:\Users\yuusa\AppData\Local\openvr\openvrpaths.vrpath
Sep 17, 2018 13:48:28.97 [7272:4984:0917/134828.976:ERROR:in_progress_cache_impl.cc(191)] Cache is not initialized, cannot RetrieveEntry.
Sep 17, 2018 13:49:13.97 Unable to read VR Path Registry from C:\Users\yuusa\AppData\Local\openvr\openvrpaths.vrpath
Sep 17, 2018 13:49:26.88 [7272:4984:0917/134926.880:ERROR:gcm_channel_status_request.cc(127)] GCM channel request failed.
Sep 17, 2018 13:49:56.30 [7272:4984:0917/134956.300:ERROR:gcm_channel_status_request.cc(127)] GCM channel request failed.
Sep 17, 2018 13:50:49.30 [7272:4984:0917/135049.306:ERROR:gcm_channel_status_request.cc(127)] GCM channel request failed.
Sep 17, 2018 13:52:22.36 [7272:4984:0917/135222.361:ERROR:gcm_channel_status_request.cc(127)] GCM channel request failed.
Sep 17, 2018 13:55:50.26 [7272:4984:0917/135550.261:ERROR:gcm_channel_status_request.cc(127)] GCM channel request failed.
Sep 17, 2018 14:02:23.57 [7272:4984:0917/140223.574:ERROR:gcm_channel_status_request.cc(127)] GCM channel request failed.
Sep 17, 2018 15:52:46.10 [7272:4984:0917/155246.101:ERROR:gcm_channel_status_request.cc(127)] GCM channel request failed.
Sep 17, 2018 16:24:24.74 [6348:8040:0917/162424.732:ERROR:in_progress_cache_impl.cc(191)] Cache is not initialized, cannot RetrieveEntry.
Sep 17, 2018 16:25:09.70 Unable to read VR Path Registry from C:\Users\yuusa\AppData\Local\openvr\openvrpaths.vrpath
Sep 17, 2018 16:37:56.12 [6348:8040:0917/163756.128:ERROR:latency_info.cc(163)] Surface::TakeLatencyInfoFromFrame, LatencyInfo vector size 102 is too big.
Sep 17, 2018 18:59:05.71 [5420:7176:0917/185905.710:ERROR:in_progress_cache_impl.cc(191)] Cache is not initialized, cannot RetrieveEntry.
Sep 17, 2018 18:59:50.69 Unable to read VR Path Registry from C:\Users\yuusa\AppData\Local\openvr\openvrpaths.vrpath
Sep 17, 2018 19:53:07.99 [6368:9368:0917/195307.973:ERROR:in_progress_cache_impl.cc(191)] Cache is not initialized, cannot RetrieveEntry.
Sep 17, 2018 19:53:52.95 Unable to read VR Path Registry from C:\Users\yuusa\AppData\Local\openvr\openvrpaths.vrpath
Sep 17, 2018 20:27:07.13 [3872:4264:0917/202707.127:ERROR:in_progress_cache_impl.cc(191)] Cache is not initialized, cannot RetrieveEntry.
Sep 17, 2018 20:27:52.09 Unable to read VR Path Registry from C:\Users\yuusa\AppData\Local\openvr\openvrpaths.vrpath
Sep 17, 2018 21:37:26.90 [2036:10204:0917/213726.904:ERROR:in_progress_cache_impl.cc(191)] Cache is not initialized, cannot RetrieveEntry.
Sep 17, 2018 21:38:11.89 Unable to read VR Path Registry from C:\Users\yuusa\AppData\Local\openvr\openvrpaths.vrpath
Sep 17, 2018 21:51:38.03 [7276:800:0917/215138.037:ERROR:in_progress_cache_impl.cc(191)] Cache is not initialized, cannot RetrieveEntry.
Sep 17, 2018 21:52:22.90 Unable to read VR Path Registry from C:\Users\yuusa\AppData\Local\openvr\openvrpaths.vrpath
Sep 17, 2018 22:08:44.66 Unable to read VR Path Registry from C:\Users\yuusa\AppData\Local\openvr\openvrpaths.vrpath
